<?xml version="1.0" encoding="UTF-8"?>
<!-- Generated by org.testng.reporters.JUnitXMLReporter -->
<testsuite ignored="0" hostname="LAPTOP-6JLE5TPP" failures="0" tests="6" name="Chrome Test" time="303.022" errors="0" timestamp="20 Jun 2023 07:23:35 GMT">
  <testcase classname="Capstone_TestCases.TC1" name="DemoScenario" time="23.726"/>
  <testcase classname="Capstone_TestCases.TC2" name="DemoScenario" time="11.049"/>
  <testcase classname="Capstone_TestCases.TC3" name="DemoScenario" time="4.205"/>
  <testcase classname="Capstone_TestCases.TC4" name="DemoScenario" time="16.482"/>
  <testcase classname="Capstone_TestCases.TC5" name="DemoScenario" time="39.993"/>
  <testcase classname="Capstone_TestCases.TC6" name="DemoScenario" time="12.069"/>
</testsuite> <!-- Chrome Test -->
