<?xml version="1.0" encoding="UTF-8"?>
<!-- Generated by org.testng.reporters.JUnitXMLReporter -->
<testsuite ignored="0" hostname="LAPTOP-6JLE5TPP" failures="0" tests="6" name="Microsoft Edge Test" time="328.701" errors="0" timestamp="20 Jun 2023 07:24:01 GMT">
  <testcase classname="Capstone_TestCases.TC1" name="DemoScenario" time="31.008"/>
  <testcase classname="Capstone_TestCases.TC2" name="DemoScenario" time="13.667"/>
  <testcase classname="Capstone_TestCases.TC3" name="DemoScenario" time="4.94"/>
  <testcase classname="Capstone_TestCases.TC4" name="DemoScenario" time="20.353"/>
  <testcase classname="Capstone_TestCases.TC5" name="DemoScenario" time="34.007"/>
  <testcase classname="Capstone_TestCases.TC6" name="DemoScenario" time="8.743"/>
</testsuite> <!-- Microsoft Edge Test -->
