<?xml version="1.0" encoding="UTF-8"?>
<testsuite xmlns:xsi="http://www.w3.org/2001/XMLSchema-instance" xsi:noNamespaceSchemaLocation="https://maven.apache.org/surefire/maven-surefire-plugin/xsd/surefire-test-report-3.0.xsd" version="3.0" name="TestSuite" time="330.13" tests="12" errors="0" skipped="0" failures="0">
  <properties>
[...]
</properties>
  <testcase name="DemoScenario" classname="Capstone_TestCases.TC1" time="22.892"/>
  <testcase name="DemoScenario" classname="Capstone_TestCases.TC1" time="31.005"/>
  <testcase name="DemoScenario" classname="Capstone_TestCases.TC2" time="6.069"/>
  <testcase name="DemoScenario" classname="Capstone_TestCases.TC2" time="13.668"/>
  <testcase name="DemoScenario" classname="Capstone_TestCases.TC3" time="4.205"/>
  <testcase name="DemoScenario" classname="Capstone_TestCases.TC3" time="4.935"/>
  <testcase name="DemoScenario" classname="Capstone_TestCases.TC4" time="16.482"/>
  <testcase name="DemoScenario" classname="Capstone_TestCases.TC4" time="20.349"/>
  <testcase name="DemoScenario" classname="Capstone_TestCases.TC5" time="6.112"/>
  <testcase name="DemoScenario" classname="Capstone_TestCases.TC5" time="20.204"/>
  <testcase name="DemoScenario" classname="Capstone_TestCases.TC6" time="12.069"/>
  <testcase name="DemoScenario" classname="Capstone_TestCases.TC6" time="8.74"/>
</testsuite>